{"C:\\Users\\afernandez.herrera\\Documents\\repos\\react-course\\src\\FirstStepsApp.tsx": {"path":"C:\\Users\\afernandez.herrera\\Documents\\repos\\react-course\\src\\FirstStepsApp.tsx","all":false,"statementMap":{"0":{"start":{"line":1,"column":0},"end":{"line":1,"column":58}},"7":{"start":{"line":8,"column":0},"end":{"line":8,"column":35}},"8":{"start":{"line":9,"column":0},"end":{"line":9,"column":52}},"9":{"start":{"line":10,"column":0},"end":{"line":10,"column":49}},"10":{"start":{"line":11,"column":0},"end":{"line":11,"column":46}},"13":{"start":{"line":14,"column":0},"end":{"line":14,"column":33}},"15":{"start":{"line":16,"column":0},"end":{"line":16,"column":6}},"16":{"start":{"line":17,"column":0},"end":{"line":17,"column":33}},"18":{"start":{"line":19,"column":0},"end":{"line":19,"column":55}},"19":{"start":{"line":20,"column":0},"end":{"line":20,"column":80}},"20":{"start":{"line":21,"column":0},"end":{"line":21,"column":9}},"26":{"start":{"line":27,"column":0},"end":{"line":27,"column":7}}},"s":{"0":1,"7":1,"8":1,"9":1,"10":1,"13":1,"15":12,"16":12,"18":12,"19":12,"20":4,"26":4},"branchMap":{"0":{"type":"branch","line":14,"loc":{"start":{"line":14,"column":7},"end":{"line":27,"column":7}},"locations":[{"start":{"line":14,"column":7},"end":{"line":27,"column":7}}]},"1":{"type":"branch","line":14,"loc":{"start":{"line":14,"column":7},"end":{"line":20,"column":80}},"locations":[{"start":{"line":14,"column":7},"end":{"line":20,"column":80}}]}},"b":{"0":[4],"1":[12]},"fnMap":{"0":{"name":"FirstStepsApp","decl":{"start":{"line":14,"column":7},"end":{"line":27,"column":7}},"loc":{"start":{"line":14,"column":7},"end":{"line":27,"column":7}},"line":14},"1":{"name":"_temp","decl":{"start":{"line":14,"column":7},"end":{"line":20,"column":80}},"loc":{"start":{"line":14,"column":7},"end":{"line":20,"column":80}},"line":14}},"f":{"0":4,"1":12}}
,"C:\\Users\\afernandez.herrera\\Documents\\repos\\react-course\\src\\MyAwesomeApp.tsx": {"path":"C:\\Users\\afernandez.herrera\\Documents\\repos\\react-course\\src\\MyAwesomeApp.tsx","all":false,"statementMap":{"0":{"start":{"line":1,"column":0},"end":{"line":1,"column":43}},"2":{"start":{"line":3,"column":0},"end":{"line":3,"column":25}},"3":{"start":{"line":4,"column":0},"end":{"line":4,"column":29}},"5":{"start":{"line":6,"column":0},"end":{"line":6,"column":60}},"6":{"start":{"line":7,"column":0},"end":{"line":7,"column":23}},"8":{"start":{"line":9,"column":0},"end":{"line":9,"column":17}},"9":{"start":{"line":10,"column":0},"end":{"line":10,"column":21}},"10":{"start":{"line":11,"column":0},"end":{"line":11,"column":20}},"11":{"start":{"line":12,"column":0},"end":{"line":12,"column":2}},"13":{"start":{"line":14,"column":0},"end":{"line":14,"column":33}},"14":{"start":{"line":15,"column":0},"end":{"line":15,"column":29}},"15":{"start":{"line":16,"column":0},"end":{"line":16,"column":19}},"16":{"start":{"line":17,"column":0},"end":{"line":17,"column":14}},"17":{"start":{"line":18,"column":0},"end":{"line":18,"column":16}},"18":{"start":{"line":19,"column":0},"end":{"line":19,"column":2}},"20":{"start":{"line":21,"column":0},"end":{"line":21,"column":35}},"22":{"start":{"line":23,"column":0},"end":{"line":23,"column":6}},"23":{"start":{"line":24,"column":0},"end":{"line":24,"column":53}},"24":{"start":{"line":25,"column":0},"end":{"line":25,"column":51}},"26":{"start":{"line":27,"column":0},"end":{"line":27,"column":39}},"27":{"start":{"line":28,"column":0},"end":{"line":28,"column":20}},"29":{"start":{"line":30,"column":0},"end":{"line":30,"column":50}},"31":{"start":{"line":32,"column":0},"end":{"line":32,"column":55}},"32":{"start":{"line":33,"column":0},"end":{"line":33,"column":7}}},"s":{"0":1,"2":1,"3":1,"5":1,"6":1,"8":1,"9":1,"10":1,"11":1,"13":1,"14":1,"15":1,"16":1,"17":1,"18":1,"20":1,"22":4,"23":4,"24":4,"26":4,"27":4,"29":4,"31":4,"32":4},"branchMap":{"0":{"type":"branch","line":21,"loc":{"start":{"line":21,"column":28},"end":{"line":33,"column":7}},"locations":[{"start":{"line":21,"column":28},"end":{"line":33,"column":7}}]},"1":{"type":"branch","line":30,"loc":{"start":{"line":30,"column":11},"end":{"line":30,"column":45}},"locations":[{"start":{"line":30,"column":11},"end":{"line":30,"column":45}}]}},"b":{"0":[4],"1":[0]},"fnMap":{"0":{"name":"MyAwesomeApp","decl":{"start":{"line":21,"column":28},"end":{"line":33,"column":7}},"loc":{"start":{"line":21,"column":28},"end":{"line":33,"column":7}},"line":21}},"f":{"0":4}}
,"C:\\Users\\afernandez.herrera\\Documents\\repos\\react-course\\src\\main.tsx": {"path":"C:\\Users\\afernandez.herrera\\Documents\\repos\\react-course\\src\\main.tsx","all":true,"statementMap":{"0":{"start":{"line":1,"column":0},"end":{"line":1,"column":35}},"1":{"start":{"line":2,"column":0},"end":{"line":2,"column":46}},"2":{"start":{"line":3,"column":0},"end":{"line":3,"column":48}},"4":{"start":{"line":5,"column":0},"end":{"line":5,"column":52}},"5":{"start":{"line":6,"column":0},"end":{"line":6,"column":14}},"6":{"start":{"line":7,"column":0},"end":{"line":7,"column":21}},"7":{"start":{"line":8,"column":0},"end":{"line":8,"column":15}},"8":{"start":{"line":9,"column":0},"end":{"line":9,"column":2}}},"s":{"0":0,"1":0,"2":0,"4":0,"5":0,"6":0,"7":0,"8":0},"branchMap":{"0":{"type":"branch","line":1,"loc":{"start":{"line":1,"column":211},"end":{"line":9,"column":-164}},"locations":[{"start":{"line":1,"column":211},"end":{"line":9,"column":-164}}]}},"b":{"0":[0]},"fnMap":{"0":{"name":"(empty-report)","decl":{"start":{"line":1,"column":211},"end":{"line":9,"column":-164}},"loc":{"start":{"line":1,"column":211},"end":{"line":9,"column":-164}},"line":1}},"f":{"0":0}}
,"C:\\Users\\afernandez.herrera\\Documents\\repos\\react-course\\src\\helpers\\math.helper.ts": {"path":"C:\\Users\\afernandez.herrera\\Documents\\repos\\react-course\\src\\helpers\\math.helper.ts","all":false,"statementMap":{"0":{"start":{"line":1,"column":0},"end":{"line":1,"column":54}},"1":{"start":{"line":2,"column":0},"end":{"line":2,"column":15}},"2":{"start":{"line":3,"column":0},"end":{"line":3,"column":1}},"3":{"start":{"line":4,"column":0},"end":{"line":4,"column":59}},"4":{"start":{"line":5,"column":0},"end":{"line":5,"column":15}},"5":{"start":{"line":6,"column":0},"end":{"line":6,"column":1}},"6":{"start":{"line":7,"column":0},"end":{"line":7,"column":59}},"7":{"start":{"line":8,"column":0},"end":{"line":8,"column":15}},"8":{"start":{"line":9,"column":0},"end":{"line":9,"column":1}},"9":{"start":{"line":10,"column":0},"end":{"line":10,"column":57}},"10":{"start":{"line":11,"column":0},"end":{"line":11,"column":15}},"11":{"start":{"line":12,"column":0},"end":{"line":12,"column":1}}},"s":{"0":1,"1":1,"2":1,"3":1,"4":1,"5":1,"6":1,"7":1,"8":1,"9":1,"10":1,"11":1},"branchMap":{"0":{"type":"branch","line":1,"loc":{"start":{"line":1,"column":19},"end":{"line":3,"column":1}},"locations":[{"start":{"line":1,"column":19},"end":{"line":3,"column":1}}]},"1":{"type":"branch","line":4,"loc":{"start":{"line":4,"column":24},"end":{"line":6,"column":1}},"locations":[{"start":{"line":4,"column":24},"end":{"line":6,"column":1}}]},"2":{"type":"branch","line":7,"loc":{"start":{"line":7,"column":24},"end":{"line":9,"column":1}},"locations":[{"start":{"line":7,"column":24},"end":{"line":9,"column":1}}]},"3":{"type":"branch","line":10,"loc":{"start":{"line":10,"column":22},"end":{"line":12,"column":1}},"locations":[{"start":{"line":10,"column":22},"end":{"line":12,"column":1}}]}},"b":{"0":[1],"1":[1],"2":[1],"3":[1]},"fnMap":{"0":{"name":"add","decl":{"start":{"line":1,"column":19},"end":{"line":3,"column":1}},"loc":{"start":{"line":1,"column":19},"end":{"line":3,"column":1}},"line":1},"1":{"name":"subtract","decl":{"start":{"line":4,"column":24},"end":{"line":6,"column":1}},"loc":{"start":{"line":4,"column":24},"end":{"line":6,"column":1}},"line":4},"2":{"name":"multiply","decl":{"start":{"line":7,"column":24},"end":{"line":9,"column":1}},"loc":{"start":{"line":7,"column":24},"end":{"line":9,"column":1}},"line":7},"3":{"name":"divide","decl":{"start":{"line":10,"column":22},"end":{"line":12,"column":1}},"loc":{"start":{"line":10,"column":22},"end":{"line":12,"column":1}},"line":10}},"f":{"0":1,"1":1,"2":1,"3":1}}
,"C:\\Users\\afernandez.herrera\\Documents\\repos\\react-course\\src\\shopping-cart\\ItemCounter.tsx": {"path":"C:\\Users\\afernandez.herrera\\Documents\\repos\\react-course\\src\\shopping-cart\\ItemCounter.tsx","all":false,"statementMap":{"0":{"start":{"line":1,"column":0},"end":{"line":1,"column":33}},"3":{"start":{"line":4,"column":0},"end":{"line":4,"column":46}},"10":{"start":{"line":11,"column":0},"end":{"line":11,"column":63}},"11":{"start":{"line":12,"column":0},"end":{"line":12,"column":47}},"13":{"start":{"line":14,"column":0},"end":{"line":14,"column":27}},"14":{"start":{"line":15,"column":0},"end":{"line":15,"column":24}},"15":{"start":{"line":16,"column":0},"end":{"line":16,"column":4}},"17":{"start":{"line":18,"column":0},"end":{"line":18,"column":32}},"18":{"start":{"line":19,"column":0},"end":{"line":19,"column":28}},"20":{"start":{"line":21,"column":0},"end":{"line":21,"column":24}},"21":{"start":{"line":22,"column":0},"end":{"line":22,"column":4}},"24":{"start":{"line":25,"column":0},"end":{"line":25,"column":12}},"25":{"start":{"line":26,"column":0},"end":{"line":26,"column":32}},"33":{"start":{"line":34,"column":0},"end":{"line":34,"column":11}},"34":{"start":{"line":35,"column":0},"end":{"line":35,"column":39}},"35":{"start":{"line":36,"column":0},"end":{"line":36,"column":16}},"36":{"start":{"line":37,"column":0},"end":{"line":37,"column":47}},"37":{"start":{"line":38,"column":0},"end":{"line":38,"column":10}},"39":{"start":{"line":40,"column":0},"end":{"line":40,"column":14}},"40":{"start":{"line":41,"column":0},"end":{"line":41,"column":13}},"41":{"start":{"line":42,"column":0},"end":{"line":42,"column":45}},"42":{"start":{"line":43,"column":0},"end":{"line":43,"column":26}},"43":{"start":{"line":44,"column":0},"end":{"line":44,"column":50}},"44":{"start":{"line":45,"column":0},"end":{"line":45,"column":14}}},"s":{"0":1,"3":1,"10":1,"11":8,"13":8,"14":1,"15":8,"17":8,"18":2,"20":2,"21":8,"24":8,"25":8,"33":8,"34":8,"35":8,"36":8,"37":7,"39":7,"40":7,"41":8,"42":8,"43":8,"44":8},"branchMap":{"0":{"type":"branch","line":11,"loc":{"start":{"line":11,"column":27},"end":{"line":45,"column":14}},"locations":[{"start":{"line":11,"column":27},"end":{"line":45,"column":14}}]},"1":{"type":"branch","line":11,"loc":{"start":{"line":11,"column":36},"end":{"line":11,"column":63}},"locations":[{"start":{"line":11,"column":36},"end":{"line":11,"column":63}}]},"2":{"type":"branch","line":11,"loc":{"start":{"line":11,"column":36},"end":{"line":11,"column":63}},"locations":[{"start":{"line":11,"column":36},"end":{"line":11,"column":63}}]},"3":{"type":"branch","line":16,"loc":{"start":{"line":16,"column":3},"end":{"line":16,"column":4}},"locations":[{"start":{"line":16,"column":3},"end":{"line":16,"column":4}}]},"4":{"type":"branch","line":22,"loc":{"start":{"line":22,"column":3},"end":{"line":22,"column":4}},"locations":[{"start":{"line":22,"column":3},"end":{"line":22,"column":4}}]},"5":{"type":"branch","line":37,"loc":{"start":{"line":37,"column":17},"end":{"line":37,"column":27}},"locations":[{"start":{"line":37,"column":17},"end":{"line":37,"column":27}}]},"6":{"type":"branch","line":37,"loc":{"start":{"line":37,"column":46},"end":{"line":38,"column":10}},"locations":[{"start":{"line":37,"column":46},"end":{"line":38,"column":10}}]},"7":{"type":"branch","line":38,"loc":{"start":{"line":38,"column":9},"end":{"line":38,"column":10}},"locations":[{"start":{"line":38,"column":9},"end":{"line":38,"column":10}}]},"8":{"type":"branch","line":38,"loc":{"start":{"line":38,"column":9},"end":{"line":38,"column":10}},"locations":[{"start":{"line":38,"column":9},"end":{"line":38,"column":10}}]},"9":{"type":"branch","line":38,"loc":{"start":{"line":38,"column":9},"end":{"line":41,"column":13}},"locations":[{"start":{"line":38,"column":9},"end":{"line":41,"column":13}}]},"10":{"type":"branch","line":14,"loc":{"start":{"line":14,"column":20},"end":{"line":15,"column":24}},"locations":[{"start":{"line":14,"column":20},"end":{"line":15,"column":24}}]},"11":{"type":"branch","line":18,"loc":{"start":{"line":18,"column":25},"end":{"line":21,"column":24}},"locations":[{"start":{"line":18,"column":25},"end":{"line":21,"column":24}}]},"12":{"type":"branch","line":19,"loc":{"start":{"line":19,"column":19},"end":{"line":21,"column":23}},"locations":[{"start":{"line":19,"column":19},"end":{"line":21,"column":23}}]}},"b":{"0":[8],"1":[1],"2":[7],"3":[0],"4":[0],"5":[4],"6":[7],"7":[1],"8":[2],"9":[7],"10":[1],"11":[2],"12":[1]},"fnMap":{"0":{"name":"ItemCounter","decl":{"start":{"line":11,"column":27},"end":{"line":45,"column":14}},"loc":{"start":{"line":11,"column":27},"end":{"line":45,"column":14}},"line":11},"1":{"name":"t2","decl":{"start":{"line":14,"column":20},"end":{"line":15,"column":24}},"loc":{"start":{"line":14,"column":20},"end":{"line":15,"column":24}},"line":14},"2":{"name":"t3","decl":{"start":{"line":18,"column":25},"end":{"line":21,"column":24}},"loc":{"start":{"line":18,"column":25},"end":{"line":21,"column":24}},"line":18}},"f":{"0":8,"1":1,"2":2}}
}
